{
  "0 debug pnpm:scope": {
    "selected": 1
  },
  "1 debug pnpm:package-manifest": {
    "initial": {
      "name": "bot-discord",
      "version": "1.0.0",
      "description": "",
      "main": "index.js",
      "scripts": {
        "test": "echo \"Error: no test specified\" && exit 1"
      },
      "keywords": [],
      "author": "",
      "license": "ISC"
    },
    "prefix": "/Users/yamin/projet_dev/bot-discord"
  },
  "2 debug pnpm:context": {
    "currentLockfileExists": false,
    "storeDir": "/Users/yamin/.pnpm-store/v3",
    "virtualStoreDir": "/Users/yamin/projet_dev/bot-discord/node_modules/.pnpm"
  },
  "3 debug pnpm:stage": {
    "prefix": "/Users/yamin/projet_dev/bot-discord",
    "stage": "resolution_started"
  },
  "4 debug pnpm:_dependency_resolved": {
    "resolution": "registry.npmjs.org/typescript/4.6.2",
    "wanted": {
      "dependentId": ".",
      "name": "typescript",
      "rawSpec": "latest"
    }
  },
  "5 debug pnpm:progress": {
    "packageId": "registry.npmjs.org/typescript/4.6.2",
    "requester": "/Users/yamin/projet_dev/bot-discord",
    "status": "resolved"
  },
  "6 debug pnpm:progress": {
    "packageId": "registry.npmjs.org/typescript/4.6.2",
    "requester": "/Users/yamin/projet_dev/bot-discord",
    "status": "found_in_store"
  },
  "7 error pnpm": {
    "code": "ERR_PNPM_FETCH_404",
    "hint": "@type/node is not in the npm registry, or you have no permission to fetch it.\n\nAn authorization header was used: Bearer npm_[hidden]",
    "request": {
      "authHeaderValue": "Bearer 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",
      "url": "https://registry.npmjs.org/@type%2Fnode"
    },
    "response": {
      "size": 0
    },
    "pkgName": "@type/node",
    "pkgsStack": [],
    "err": {
      "name": "pnpm",
      "message": "GET https://registry.npmjs.org/@type%2Fnode: Not Found - 404",
      "code": "ERR_PNPM_FETCH_404",
      "stack": "pnpm: GET https://registry.npmjs.org/@type%2Fnode: Not Found - 404\n    at RetryOperation._fn (/Users/yamin/.nvm/versions/node/v16.13.2/lib/node_modules/pnpm/dist/pnpm.cjs:85709:19)\n    at processTicksAndRejections (node:internal/process/task_queues:96:5)"
    }
  }
}